<?xml version="1.0" encoding="UTF-8"?>
<!-- Generated by org.testng.reporters.JUnitReportReporter -->
<testsuite skipped="0" hostname="TGS-DPC-2374" name="aibReporting.App" tests="2" failures="0" timestamp="09 May 2019 07:41:43 GMT" time="55.508" errors="0">
  <testcase name="setUp" time="48.455" classname="aibReporting.App"/>
  <testcase name="testCase01" time="7.053" classname="aibReporting.App"/>
</testsuite> <!-- aibReporting.App -->
